0 info it worked if it ends with ok
1 verbose cli [ '/usr/bin/nodejs', '/usr/bin/npm', 'run', 'start:prod' ]
2 info using npm@3.9.3
3 info using node@v6.2.1
4 verbose run-script [ 'prestart:prod', 'start:prod', 'poststart:prod' ]
5 info lifecycle tutorial@1.0.0~prestart:prod: tutorial@1.0.0
6 silly lifecycle tutorial@1.0.0~prestart:prod: no script for prestart:prod, continuing
7 info lifecycle tutorial@1.0.0~start:prod: tutorial@1.0.0
8 verbose lifecycle tutorial@1.0.0~start:prod: unsafe-perm in lifecycle true
9 verbose lifecycle tutorial@1.0.0~start:prod: PATH: /usr/lib/node_modules/npm/bin/node-gyp-bin:/home/houtai/Desktop/bitmaker/react/reactrouter/react-router-tutorial/lessons/01-setting-up/node_modules/.bin:/usr/bin:/usr/local/lib/node_modules/npm/bin/node-gyp-bin:/home/houtai/Desktop/bitmaker/react/reactrouter/react-router-tutorial/lessons/01-setting-up/node_modules/.bin:/usr/bin:/usr/local/heroku/bin:/home/houtai/.rbenv/shims:/usr/local/psql/bin:/home/houtai/.rbenv/bin:/home/houtai/.rbenv/plugins/ruby-build/bin:/usr/local/sbin:/usr/local/bin:/usr/sbin:/usr/bin:/sbin:/bin:/usr/games:/usr/local/games
10 verbose lifecycle tutorial@1.0.0~start:prod: CWD: /home/houtai/Desktop/bitmaker/react/reactrouter/react-router-tutorial/lessons/01-setting-up
11 silly lifecycle tutorial@1.0.0~start:prod: Args: [ '-c', 'npm run build && node server.bundle.js' ]
12 silly lifecycle tutorial@1.0.0~start:prod: Returned: code: 1  signal: null
13 info lifecycle tutorial@1.0.0~start:prod: Failed to exec start:prod script
14 verbose stack Error: tutorial@1.0.0 start:prod: `npm run build && node server.bundle.js`
14 verbose stack Exit status 1
14 verbose stack     at EventEmitter.<anonymous> (/usr/lib/node_modules/npm/lib/utils/lifecycle.js:245:16)
14 verbose stack     at emitTwo (events.js:106:13)
14 verbose stack     at EventEmitter.emit (events.js:191:7)
14 verbose stack     at ChildProcess.<anonymous> (/usr/lib/node_modules/npm/lib/utils/spawn.js:24:14)
14 verbose stack     at emitTwo (events.js:106:13)
14 verbose stack     at ChildProcess.emit (events.js:191:7)
14 verbose stack     at maybeClose (internal/child_process.js:852:16)
14 verbose stack     at Process.ChildProcess._handle.onexit (internal/child_process.js:215:5)
15 verbose pkgid tutorial@1.0.0
16 verbose cwd /home/houtai/Desktop/bitmaker/react/reactrouter/react-router-tutorial/lessons/01-setting-up
17 error Linux 3.19.0-59-generic
18 error argv "/usr/bin/nodejs" "/usr/bin/npm" "run" "start:prod"
19 error node v6.2.1
20 error npm  v3.9.3
21 error code ELIFECYCLE
22 error tutorial@1.0.0 start:prod: `npm run build && node server.bundle.js`
22 error Exit status 1
23 error Failed at the tutorial@1.0.0 start:prod script 'npm run build && node server.bundle.js'.
23 error Make sure you have the latest version of node.js and npm installed.
23 error If you do, this is most likely a problem with the tutorial package,
23 error not with npm itself.
23 error Tell the author that this fails on your system:
23 error     npm run build && node server.bundle.js
23 error You can get information on how to open an issue for this project with:
23 error     npm bugs tutorial
23 error Or if that isn't available, you can get their info via:
23 error     npm owner ls tutorial
23 error There is likely additional logging output above.
24 verbose exit [ 1, true ]
